<?xml version="1.0" encoding="UTF-8"?>
<!-- Generated by org.testng.reporters.JUnitXMLReporter -->
<testsuite hostname="Z-CEN528B2BN24" ignored="0" name="Command line test" tests="19" failures="0" timestamp="16 kwi 2019 08:59:27 GMT" time="0.234" errors="0">
  <testcase name="addProductTest" time="0.0" classname="dbstub.ProductsDBStubTest"/>
  <testcase name="addProductWithExistingBarcodeTest" time="0.0" classname="dbstub.ProductsDBStubTest"/>
  <testcase name="addProductWithNullBarcodeTest" time="0.0" classname="dbstub.ProductsDBStubTest"/>
  <testcase name="addProductWithZeroBarcodeTest" time="0.0" classname="dbstub.ProductsDBStubTest"/>
  <testcase name="addProductsInBatchTest" time="0.0" classname="dbstub.ProductsDBStubTest"/>
  <testcase name="findProductByBarcodeTest" time="0.0" classname="dbstub.ProductsDBStubTest"/>
  <testcase name="isBarcodeInDBTest" time="0.0" classname="dbstub.ProductsDBStubTest"/>
  <testcase name="writeTextCreatesFileTest" time="0.016" classname="output.PrinterOutputStubTest"/>
  <testcase name="writeTextTest" time="0.078" classname="output.PrinterOutputStubTest"/>
  <testcase name="writeTextCreatesFileTest" time="0.0" classname="output.ScreenOutputStubTest"/>
  <testcase name="writeTextTest" time="0.0" classname="output.ScreenOutputStubTest"/>
  <testcase name="endingSalePrintsRecipeOnPrinterTest" time="0.016" classname="sale.SaleTest"/>
  <testcase name="endingSalePrintsSumOnScreenTest" time="0.0" classname="sale.SaleTest"/>
  <testcase name="endingSaleSumAllPricesTest" time="0.0" classname="sale.SaleTest"/>
  <testcase name="scanProductWithNullBarcodeTest" time="0.0" classname="sale.SaleTest"/>
  <testcase name="scanProductWithUnknownBarcodeTest" time="0.0" classname="sale.SaleTest"/>
  <testcase name="scanProductWithZeroBarcodeTest" time="0.0" classname="sale.SaleTest"/>
  <testcase name="scannedProductIsOnReceiptTest" time="0.0" classname="sale.SaleTest"/>
  <testcase name="scannedProductIsPrintedOnScreenTest" time="0.0" classname="sale.SaleTest"/>
</testsuite> <!-- Command line test -->
