<?xml version="1.0" encoding="UTF-8" ?>
<testsuite tests="19" failures="0" name="TestSuite" time="0.141" errors="0" skipped="0">
  <properties>
[...]
</properties>
  <testcase classname="dbstub.ProductsDBStubTest" name="addProductTest" time="0.015"/>
  <testcase classname="dbstub.ProductsDBStubTest" name="addProductWithExistingBarcodeTest" time="0"/>
  <testcase classname="dbstub.ProductsDBStubTest" name="addProductWithNullBarcodeTest" time="0"/>
  <testcase classname="dbstub.ProductsDBStubTest" name="addProductWithZeroBarcodeTest" time="0"/>
  <testcase classname="dbstub.ProductsDBStubTest" name="addProductsInBatchTest" time="0"/>
  <testcase classname="dbstub.ProductsDBStubTest" name="findProductByBarcodeTest" time="0"/>
  <testcase classname="dbstub.ProductsDBStubTest" name="isBarcodeInDBTest" time="0"/>
  <testcase classname="output.PrinterOutputStubTest" name="writeTextCreatesFileTest" time="0.016"/>
  <testcase classname="output.PrinterOutputStubTest" name="writeTextTest" time="0.078"/>
  <testcase classname="output.ScreenOutputStubTest" name="writeTextCreatesFileTest" time="0"/>
  <testcase classname="output.ScreenOutputStubTest" name="writeTextTest" time="0"/>
  <testcase classname="sale.SaleTest" name="endingSalePrintsRecipeOnPrinterTest" time="0.016"/>
  <testcase classname="sale.SaleTest" name="endingSalePrintsSumOnScreenTest" time="0.016"/>
  <testcase classname="sale.SaleTest" name="endingSaleSumAllPricesTest" time="0"/>
  <testcase classname="sale.SaleTest" name="scanProductWithNullBarcodeTest" time="0"/>
  <testcase classname="sale.SaleTest" name="scanProductWithUnknownBarcodeTest" time="0"/>
  <testcase classname="sale.SaleTest" name="scanProductWithZeroBarcodeTest" time="0"/>
  <testcase classname="sale.SaleTest" name="scannedProductIsOnReceiptTest" time="0"/>
  <testcase classname="sale.SaleTest" name="scannedProductIsPrintedOnScreenTest" time="0"/>
</testsuite>